2025-07-01 05:29:30 | INFO     | app.api.endpoints.health:health_check:39 - Health check performed successfully
2025-07-01 05:29:32 | WARNING  | app.middleware.api_key:verify_api_key:17 - No API key set in environment, skipping API key check
2025-07-01 05:29:32 | WARNING  | app.middleware.api_key:verify_api_key:17 - No API key set in environment, skipping API key check
2025-07-01 05:29:32 | INFO     | app.api.endpoints.process:initiate_process:133 - Process initiated with ID: 20b396f4-5115-496c-9577-b88809a93e51
2025-07-01 05:29:44 | WARNING  | app.middleware.api_key:verify_api_key:17 - No API key set in environment, skipping API key check
2025-07-01 05:29:44 | INFO     | app.api.endpoints.upload:upload_file:50 - File uploaded successfully: storage\uploads\3ccc5e29-9582-4722-9e5e-50423a596387.png
2025-07-01 05:29:44 | WARNING  | app.middleware.api_key:verify_api_key:17 - No API key set in environment, skipping API key check
2025-07-01 05:29:44 | INFO     | app.api.endpoints.upload:upload_file:50 - File uploaded successfully: storage\uploads\3cad45c5-3dac-4f61-80dd-64338b60e947.jpg
2025-07-01 05:29:44 | WARNING  | app.middleware.api_key:verify_api_key:17 - No API key set in environment, skipping API key check
2025-07-01 05:30:10 | WARNING  | app.middleware.api_key:verify_api_key:17 - No API key set in environment, skipping API key check
2025-07-01 05:30:10 | WARNING  | app.middleware.api_key:verify_api_key:17 - No API key set in environment, skipping API key check
2025-07-01 05:30:10 | INFO     | app.api.endpoints.process:process_book:173 - Processing started: 20b396f4-5115-496c-9577-b88809a93e51, page: 740b11f8-ddf8-4f51-b91c-2713130bdbaa
2025-07-01 05:35:18 | INFO     | app.core.cache:__init__:15 - Cache initialized with TTL: 3600s, maxsize: 1000
2025-07-01 05:35:18 | INFO     | app.main:startup_event:56 - Application starting up...
2025-07-01 05:35:24 | INFO     | app.api.endpoints.health:health_check:39 - Health check performed successfully
2025-07-01 05:35:27 | WARNING  | app.middleware.api_key:verify_api_key:17 - No API key set in environment, skipping API key check
2025-07-01 05:35:27 | WARNING  | app.middleware.api_key:verify_api_key:17 - No API key set in environment, skipping API key check
2025-07-01 05:35:27 | INFO     | app.api.endpoints.process:initiate_process:133 - Process initiated with ID: c6afa193-8651-4153-9c26-8f1cefafe5d8
2025-07-01 05:35:41 | WARNING  | app.middleware.api_key:verify_api_key:17 - No API key set in environment, skipping API key check
2025-07-01 05:35:41 | INFO     | app.api.endpoints.upload:upload_file:50 - File uploaded successfully: storage\uploads\97060dd6-97e2-4822-9257-2f726eb42238.png
2025-07-01 05:35:41 | WARNING  | app.middleware.api_key:verify_api_key:17 - No API key set in environment, skipping API key check
2025-07-01 05:35:41 | INFO     | app.api.endpoints.upload:upload_file:50 - File uploaded successfully: storage\uploads\5f4dc703-8b05-496c-bc9b-cc914a80a2d4.png
2025-07-01 05:35:41 | WARNING  | app.middleware.api_key:verify_api_key:17 - No API key set in environment, skipping API key check
2025-07-01 05:35:45 | WARNING  | app.middleware.api_key:verify_api_key:17 - No API key set in environment, skipping API key check
2025-07-01 05:35:45 | WARNING  | app.middleware.api_key:verify_api_key:17 - No API key set in environment, skipping API key check
2025-07-01 05:35:45 | INFO     | app.api.endpoints.process:process_book:173 - Processing started: c6afa193-8651-4153-9c26-8f1cefafe5d8, page: a56aa3f9-4e12-49b1-aa51-e17df892ec2f
2025-07-01 05:39:59 | INFO     | app.core.cache:__init__:15 - Cache initialized with TTL: 3600s, maxsize: 1000
2025-07-01 05:39:59 | INFO     | app.main:startup_event:56 - Application starting up...
2025-07-01 05:40:09 | WARNING  | app.middleware.api_key:verify_api_key:17 - No API key set in environment, skipping API key check
2025-07-01 05:40:09 | WARNING  | app.middleware.api_key:verify_api_key:17 - No API key set in environment, skipping API key check
2025-07-01 05:40:14 | WARNING  | app.middleware.api_key:verify_api_key:17 - No API key set in environment, skipping API key check
2025-07-01 05:40:21 | WARNING  | app.middleware.api_key:verify_api_key:17 - No API key set in environment, skipping API key check
2025-07-01 05:40:25 | WARNING  | app.middleware.api_key:verify_api_key:17 - No API key set in environment, skipping API key check
2025-07-01 05:40:33 | WARNING  | app.middleware.api_key:verify_api_key:17 - No API key set in environment, skipping API key check
2025-07-01 05:40:33 | INFO     | app.api.endpoints.cache:get_cache_status:36 - Cache status retrieved successfully with 0 entries
2025-07-01 05:40:39 | WARNING  | app.middleware.api_key:verify_api_key:17 - No API key set in environment, skipping API key check
2025-07-01 05:40:39 | WARNING  | app.middleware.api_key:verify_api_key:17 - No API key set in environment, skipping API key check
2025-07-01 05:40:39 | INFO     | app.api.endpoints.process:initiate_process:133 - Process initiated with ID: 14001182-3600-4047-bd8b-73c93fa5117c
2025-07-01 05:40:42 | WARNING  | app.middleware.api_key:verify_api_key:17 - No API key set in environment, skipping API key check
2025-07-01 05:40:42 | INFO     | app.api.endpoints.cache:get_cache_status:36 - Cache status retrieved successfully with 1 entries
2025-07-01 05:41:00 | WARNING  | app.middleware.api_key:verify_api_key:17 - No API key set in environment, skipping API key check
2025-07-01 05:41:00 | INFO     | app.api.endpoints.upload:upload_file:50 - File uploaded successfully: storage\uploads\481383d4-4d46-4fd9-a576-1664d69248d7.png
2025-07-01 05:41:00 | WARNING  | app.middleware.api_key:verify_api_key:17 - No API key set in environment, skipping API key check
2025-07-01 05:41:00 | INFO     | app.api.endpoints.upload:upload_file:50 - File uploaded successfully: storage\uploads\20646763-c411-4713-a580-78d470c3f55d.jpg
2025-07-01 05:41:01 | WARNING  | app.middleware.api_key:verify_api_key:17 - No API key set in environment, skipping API key check
2025-07-01 05:41:06 | WARNING  | app.middleware.api_key:verify_api_key:17 - No API key set in environment, skipping API key check
2025-07-01 05:41:06 | WARNING  | app.middleware.api_key:verify_api_key:17 - No API key set in environment, skipping API key check
2025-07-01 05:41:06 | INFO     | app.api.endpoints.process:process_book:173 - Processing started: 14001182-3600-4047-bd8b-73c93fa5117c, page: ecbd4a84-1805-4258-892e-9a0ce097959d
2025-07-01 05:52:25 | INFO     | app.core.cache:__init__:15 - Cache initialized with TTL: 3600s, maxsize: 1000
2025-07-01 05:52:26 | INFO     | app.main:startup_event:56 - Application starting up...
2025-07-01 05:52:44 | WARNING  | app.middleware.api_key:verify_api_key:17 - No API key set in environment, skipping API key check
2025-07-01 05:52:45 | INFO     | app.api.endpoints.cache:get_cache_status:36 - Cache status retrieved successfully with 0 entries
2025-07-01 05:52:49 | WARNING  | app.middleware.api_key:verify_api_key:17 - No API key set in environment, skipping API key check
2025-07-01 05:52:49 | WARNING  | app.middleware.api_key:verify_api_key:17 - No API key set in environment, skipping API key check
2025-07-01 05:52:49 | INFO     | app.api.endpoints.process:initiate_process:141 - Process initiated with ID: db7edf60-2dbc-45d5-a377-b83d6d4d7404
2025-07-01 05:52:50 | WARNING  | app.middleware.api_key:verify_api_key:17 - No API key set in environment, skipping API key check
2025-07-01 05:52:50 | INFO     | app.api.endpoints.cache:get_cache_status:36 - Cache status retrieved successfully with 1 entries
2025-07-01 05:53:08 | WARNING  | app.middleware.api_key:verify_api_key:17 - No API key set in environment, skipping API key check
2025-07-01 05:53:08 | INFO     | app.api.endpoints.upload:upload_file:50 - File uploaded successfully: storage\uploads\f30e4c1e-206a-41b9-8e52-197c111a26ab.png
2025-07-01 05:53:08 | WARNING  | app.middleware.api_key:verify_api_key:17 - No API key set in environment, skipping API key check
2025-07-01 05:53:08 | INFO     | app.api.endpoints.upload:upload_file:50 - File uploaded successfully: storage\uploads\6f75ac0d-f5e7-4884-bcab-8e6d29a1e505.png
2025-07-01 05:53:08 | WARNING  | app.middleware.api_key:verify_api_key:17 - No API key set in environment, skipping API key check
2025-07-01 05:53:12 | WARNING  | app.middleware.api_key:verify_api_key:17 - No API key set in environment, skipping API key check
2025-07-01 05:53:12 | INFO     | app.api.endpoints.cache:get_cache_status:36 - Cache status retrieved successfully with 1 entries
2025-07-01 05:53:26 | WARNING  | app.middleware.api_key:verify_api_key:17 - No API key set in environment, skipping API key check
2025-07-01 05:53:26 | WARNING  | app.middleware.api_key:verify_api_key:17 - No API key set in environment, skipping API key check
2025-07-01 05:53:26 | ERROR    | app.api.endpoints.process:get_process_status:238 - Status retrieval failed: 404: Process not found
2025-07-01 05:53:36 | WARNING  | app.middleware.api_key:verify_api_key:17 - No API key set in environment, skipping API key check
2025-07-01 05:53:36 | INFO     | app.api.endpoints.cache:get_cache_status:36 - Cache status retrieved successfully with 1 entries
2025-07-01 05:53:43 | WARNING  | app.middleware.api_key:verify_api_key:17 - No API key set in environment, skipping API key check
2025-07-01 05:53:43 | WARNING  | app.middleware.api_key:verify_api_key:17 - No API key set in environment, skipping API key check
2025-07-01 05:53:43 | INFO     | app.api.endpoints.process:process_book:181 - Processing started: db7edf60-2dbc-45d5-a377-b83d6d4d7404, page: b0c5e5b4-23f6-4395-994f-7c3e90f03095
2025-07-01 05:53:43 | INFO     | app.api.endpoints.process:process_image_background:64 - Starting background task for db7edf60-2dbc-45d5-a377-b83d6d4d7404/b0c5e5b4-23f6-4395-994f-7c3e90f03095
2025-07-01 05:53:43 | WARNING  | app.middleware.api_key:verify_api_key:17 - No API key set in environment, skipping API key check
2025-07-01 05:53:43 | WARNING  | app.middleware.api_key:verify_api_key:17 - No API key set in environment, skipping API key check
2025-07-01 05:53:47 | WARNING  | app.middleware.api_key:verify_api_key:17 - No API key set in environment, skipping API key check
2025-07-01 05:53:47 | WARNING  | app.middleware.api_key:verify_api_key:17 - No API key set in environment, skipping API key check
2025-07-01 05:54:03 | WARNING  | app.middleware.api_key:verify_api_key:17 - No API key set in environment, skipping API key check
2025-07-01 05:54:03 | WARNING  | app.middleware.api_key:verify_api_key:17 - No API key set in environment, skipping API key check
2025-07-01 05:54:10 | WARNING  | app.middleware.api_key:verify_api_key:17 - No API key set in environment, skipping API key check
2025-07-01 05:54:10 | INFO     | app.api.endpoints.cache:get_cache_status:36 - Cache status retrieved successfully with 1 entries
2025-07-01 05:54:11 | WARNING  | app.middleware.api_key:verify_api_key:17 - No API key set in environment, skipping API key check
2025-07-01 05:54:11 | WARNING  | app.middleware.api_key:verify_api_key:17 - No API key set in environment, skipping API key check
2025-07-01 05:54:13 | WARNING  | app.middleware.api_key:verify_api_key:17 - No API key set in environment, skipping API key check
2025-07-01 05:54:13 | INFO     | app.api.endpoints.cache:get_cache_status:36 - Cache status retrieved successfully with 1 entries
2025-07-01 05:54:13 | ERROR    | app.api.endpoints.process:process_image_background:125 - Segmind API request timed out
2025-07-01 05:54:13 | WARNING  | app.middleware.api_key:verify_api_key:17 - No API key set in environment, skipping API key check
2025-07-01 05:54:13 | INFO     | app.api.endpoints.cache:get_cache_status:36 - Cache status retrieved successfully with 1 entries
2025-07-01 05:54:14 | WARNING  | app.middleware.api_key:verify_api_key:17 - No API key set in environment, skipping API key check
2025-07-01 05:54:14 | INFO     | app.api.endpoints.cache:get_cache_status:36 - Cache status retrieved successfully with 1 entries
2025-07-01 05:54:15 | WARNING  | app.middleware.api_key:verify_api_key:17 - No API key set in environment, skipping API key check
2025-07-01 05:54:15 | INFO     | app.api.endpoints.cache:get_cache_status:36 - Cache status retrieved successfully with 1 entries
2025-07-01 05:54:16 | WARNING  | app.middleware.api_key:verify_api_key:17 - No API key set in environment, skipping API key check
2025-07-01 05:54:16 | INFO     | app.api.endpoints.cache:get_cache_status:36 - Cache status retrieved successfully with 1 entries
2025-07-01 05:54:23 | WARNING  | app.middleware.api_key:verify_api_key:17 - No API key set in environment, skipping API key check
2025-07-01 05:54:23 | WARNING  | app.middleware.api_key:verify_api_key:17 - No API key set in environment, skipping API key check
2025-07-01 05:55:12 | INFO     | app.main:shutdown_event:60 - Application shutting down...
2025-07-01 05:55:14 | INFO     | app.core.cache:__init__:15 - Cache initialized with TTL: 3600s, maxsize: 1000
2025-07-01 05:55:14 | INFO     | app.main:startup_event:56 - Application starting up...
2025-07-01 05:55:21 | WARNING  | app.middleware.api_key:verify_api_key:17 - No API key set in environment, skipping API key check
2025-07-01 05:55:21 | WARNING  | app.middleware.api_key:verify_api_key:17 - No API key set in environment, skipping API key check
2025-07-01 05:55:21 | INFO     | app.api.endpoints.process:initiate_process:141 - Process initiated with ID: 10d509e4-d71d-43bd-8f1a-2913981b481e
2025-07-01 05:55:23 | WARNING  | app.middleware.api_key:verify_api_key:17 - No API key set in environment, skipping API key check
2025-07-01 05:55:24 | INFO     | app.api.endpoints.upload:upload_file:50 - File uploaded successfully: storage\uploads\f65e4082-ad03-4d57-a0e6-ffed90f904c6.png
2025-07-01 05:55:24 | WARNING  | app.middleware.api_key:verify_api_key:17 - No API key set in environment, skipping API key check
2025-07-01 05:55:24 | INFO     | app.api.endpoints.upload:upload_file:50 - File uploaded successfully: storage\uploads\6f3b0b82-c8f7-4575-a2d2-6756c579e98a.png
2025-07-01 05:55:24 | WARNING  | app.middleware.api_key:verify_api_key:17 - No API key set in environment, skipping API key check
2025-07-01 05:55:27 | WARNING  | app.middleware.api_key:verify_api_key:17 - No API key set in environment, skipping API key check
2025-07-01 05:55:27 | WARNING  | app.middleware.api_key:verify_api_key:17 - No API key set in environment, skipping API key check
2025-07-01 05:55:27 | INFO     | app.api.endpoints.process:process_book:181 - Processing started: 10d509e4-d71d-43bd-8f1a-2913981b481e, page: dac11409-b77d-45e5-a01c-2d5865134da5
2025-07-01 05:55:27 | INFO     | app.api.endpoints.process:process_image_background:64 - Starting background task for 10d509e4-d71d-43bd-8f1a-2913981b481e/dac11409-b77d-45e5-a01c-2d5865134da5
2025-07-01 05:55:27 | WARNING  | app.middleware.api_key:verify_api_key:17 - No API key set in environment, skipping API key check
2025-07-01 05:55:27 | WARNING  | app.middleware.api_key:verify_api_key:17 - No API key set in environment, skipping API key check
2025-07-01 05:55:31 | WARNING  | app.middleware.api_key:verify_api_key:17 - No API key set in environment, skipping API key check
2025-07-01 05:55:31 | WARNING  | app.middleware.api_key:verify_api_key:17 - No API key set in environment, skipping API key check
2025-07-01 05:55:53 | INFO     | app.api.endpoints.process:process_image_background:122 - Completed background task for 10d509e4-d71d-43bd-8f1a-2913981b481e/dac11409-b77d-45e5-a01c-2d5865134da5
2025-07-01 05:56:22 | WARNING  | app.middleware.api_key:verify_api_key:17 - No API key set in environment, skipping API key check
2025-07-01 05:56:22 | WARNING  | app.middleware.api_key:verify_api_key:17 - No API key set in environment, skipping API key check
2025-07-01 05:56:23 | WARNING  | app.middleware.api_key:verify_api_key:17 - No API key set in environment, skipping API key check
2025-07-01 05:56:54 | INFO     | app.main:shutdown_event:60 - Application shutting down...
2025-07-01 05:56:56 | INFO     | app.core.cache:__init__:15 - Cache initialized with TTL: 3600s, maxsize: 1000
2025-07-01 05:56:56 | INFO     | app.main:startup_event:56 - Application starting up...
2025-07-01 05:57:39 | INFO     | app.api.endpoints.health:health_check:39 - Health check performed successfully
2025-07-01 06:00:06 | WARNING  | app.middleware.api_key:verify_api_key:17 - No API key set in environment, skipping API key check
2025-07-01 06:00:06 | WARNING  | app.middleware.api_key:verify_api_key:17 - No API key set in environment, skipping API key check
2025-07-01 06:00:06 | ERROR    | app.api.endpoints.process:process_book:193 - Book processing failed: 400: Invalid init_id
2025-07-01 06:00:19 | WARNING  | app.middleware.api_key:verify_api_key:17 - No API key set in environment, skipping API key check
2025-07-01 06:00:19 | WARNING  | app.middleware.api_key:verify_api_key:17 - No API key set in environment, skipping API key check
2025-07-01 06:00:19 | INFO     | app.api.endpoints.process:initiate_process:141 - Process initiated with ID: 474f70e3-34ab-40ee-81c9-38a29195fbf4
2025-07-01 06:00:30 | WARNING  | app.middleware.api_key:verify_api_key:17 - No API key set in environment, skipping API key check
2025-07-01 06:00:30 | INFO     | app.api.endpoints.upload:upload_file:50 - File uploaded successfully: storage\uploads\a787c460-649b-4608-90ca-59b383f5f9e3.png
2025-07-01 06:00:30 | WARNING  | app.middleware.api_key:verify_api_key:17 - No API key set in environment, skipping API key check
2025-07-01 06:00:30 | INFO     | app.api.endpoints.upload:upload_file:50 - File uploaded successfully: storage\uploads\02bb269b-5afc-4411-9453-2a183c95c2e4.jpg
2025-07-01 06:00:30 | WARNING  | app.middleware.api_key:verify_api_key:17 - No API key set in environment, skipping API key check
2025-07-01 06:00:35 | WARNING  | app.middleware.api_key:verify_api_key:17 - No API key set in environment, skipping API key check
2025-07-01 06:00:35 | WARNING  | app.middleware.api_key:verify_api_key:17 - No API key set in environment, skipping API key check
2025-07-01 06:00:35 | INFO     | app.api.endpoints.process:process_book:181 - Processing started: 474f70e3-34ab-40ee-81c9-38a29195fbf4, page: 4cd82ad5-2945-4734-8637-65873c603f41
2025-07-01 06:00:35 | INFO     | app.api.endpoints.process:process_image_background:64 - Starting background task for 474f70e3-34ab-40ee-81c9-38a29195fbf4/4cd82ad5-2945-4734-8637-65873c603f41
2025-07-01 06:00:35 | WARNING  | app.middleware.api_key:verify_api_key:17 - No API key set in environment, skipping API key check
2025-07-01 06:00:35 | WARNING  | app.middleware.api_key:verify_api_key:17 - No API key set in environment, skipping API key check
2025-07-01 06:00:39 | WARNING  | app.middleware.api_key:verify_api_key:17 - No API key set in environment, skipping API key check
2025-07-01 06:00:39 | WARNING  | app.middleware.api_key:verify_api_key:17 - No API key set in environment, skipping API key check
2025-07-01 06:00:51 | WARNING  | app.middleware.api_key:verify_api_key:17 - No API key set in environment, skipping API key check
2025-07-01 06:00:51 | WARNING  | app.middleware.api_key:verify_api_key:17 - No API key set in environment, skipping API key check
2025-07-01 06:00:59 | INFO     | app.api.endpoints.process:process_image_background:122 - Completed background task for 474f70e3-34ab-40ee-81c9-38a29195fbf4/4cd82ad5-2945-4734-8637-65873c603f41
2025-07-01 06:02:09 | WARNING  | app.middleware.api_key:verify_api_key:17 - No API key set in environment, skipping API key check
2025-07-01 06:02:09 | WARNING  | app.middleware.api_key:verify_api_key:17 - No API key set in environment, skipping API key check
2025-07-01 06:02:10 | WARNING  | app.middleware.api_key:verify_api_key:17 - No API key set in environment, skipping API key check
2025-07-01 06:03:01 | INFO     | app.core.cache:__init__:15 - Cache initialized with TTL: 3600s, maxsize: 1000
2025-07-01 06:03:01 | INFO     | app.main:startup_event:56 - Application starting up...
2025-07-01 06:03:07 | WARNING  | app.middleware.api_key:verify_api_key:17 - No API key set in environment, skipping API key check
2025-07-01 06:03:07 | WARNING  | app.middleware.api_key:verify_api_key:17 - No API key set in environment, skipping API key check
2025-07-01 06:03:07 | INFO     | app.api.endpoints.process:initiate_process:141 - Process initiated with ID: d5131048-d48c-4e59-a23f-2950635a2c79
2025-07-01 06:03:21 | WARNING  | app.middleware.api_key:verify_api_key:17 - No API key set in environment, skipping API key check
2025-07-01 06:03:22 | INFO     | app.api.endpoints.upload:upload_file:50 - File uploaded successfully: storage\uploads\ce5039e4-43e2-48bb-9fdd-20107cec9945.png
2025-07-01 06:03:22 | WARNING  | app.middleware.api_key:verify_api_key:17 - No API key set in environment, skipping API key check
2025-07-01 06:03:22 | INFO     | app.api.endpoints.upload:upload_file:50 - File uploaded successfully: storage\uploads\4859a1b1-465e-4672-800b-f2cfa3988e64.jpg
2025-07-01 06:03:22 | WARNING  | app.middleware.api_key:verify_api_key:17 - No API key set in environment, skipping API key check
2025-07-01 06:03:25 | WARNING  | app.middleware.api_key:verify_api_key:17 - No API key set in environment, skipping API key check
2025-07-01 06:03:25 | WARNING  | app.middleware.api_key:verify_api_key:17 - No API key set in environment, skipping API key check
2025-07-01 06:03:25 | INFO     | app.api.endpoints.process:process_book:181 - Processing started: d5131048-d48c-4e59-a23f-2950635a2c79, page: 6fdf6e34-ed0b-4ae2-b25a-ac0b20f90276
2025-07-01 06:03:25 | INFO     | app.api.endpoints.process:process_image_background:64 - Starting background task for d5131048-d48c-4e59-a23f-2950635a2c79/6fdf6e34-ed0b-4ae2-b25a-ac0b20f90276
2025-07-01 06:03:25 | WARNING  | app.middleware.api_key:verify_api_key:17 - No API key set in environment, skipping API key check
2025-07-01 06:03:25 | WARNING  | app.middleware.api_key:verify_api_key:17 - No API key set in environment, skipping API key check
2025-07-01 06:03:29 | WARNING  | app.middleware.api_key:verify_api_key:17 - No API key set in environment, skipping API key check
2025-07-01 06:03:29 | WARNING  | app.middleware.api_key:verify_api_key:17 - No API key set in environment, skipping API key check
2025-07-01 06:03:34 | WARNING  | app.middleware.api_key:verify_api_key:17 - No API key set in environment, skipping API key check
2025-07-01 06:03:34 | WARNING  | app.middleware.api_key:verify_api_key:17 - No API key set in environment, skipping API key check
2025-07-01 06:03:39 | WARNING  | app.middleware.api_key:verify_api_key:17 - No API key set in environment, skipping API key check
2025-07-01 06:03:39 | WARNING  | app.middleware.api_key:verify_api_key:17 - No API key set in environment, skipping API key check
2025-07-01 06:03:44 | WARNING  | app.middleware.api_key:verify_api_key:17 - No API key set in environment, skipping API key check
2025-07-01 06:03:44 | WARNING  | app.middleware.api_key:verify_api_key:17 - No API key set in environment, skipping API key check
2025-07-01 06:03:49 | WARNING  | app.middleware.api_key:verify_api_key:17 - No API key set in environment, skipping API key check
2025-07-01 06:03:49 | WARNING  | app.middleware.api_key:verify_api_key:17 - No API key set in environment, skipping API key check
2025-07-01 06:03:53 | INFO     | app.api.endpoints.process:process_image_background:122 - Completed background task for d5131048-d48c-4e59-a23f-2950635a2c79/6fdf6e34-ed0b-4ae2-b25a-ac0b20f90276
2025-07-01 06:03:55 | WARNING  | app.middleware.api_key:verify_api_key:17 - No API key set in environment, skipping API key check
2025-07-01 06:03:55 | WARNING  | app.middleware.api_key:verify_api_key:17 - No API key set in environment, skipping API key check
2025-07-01 06:03:56 | WARNING  | app.middleware.api_key:verify_api_key:17 - No API key set in environment, skipping API key check
2025-07-01 06:04:35 | INFO     | app.main:shutdown_event:60 - Application shutting down...
2025-07-01 06:04:37 | INFO     | app.core.cache:__init__:15 - Cache initialized with TTL: 3600s, maxsize: 1000
2025-07-01 06:04:38 | INFO     | app.main:startup_event:56 - Application starting up...
2025-07-01 06:04:39 | WARNING  | app.middleware.api_key:verify_api_key:17 - No API key set in environment, skipping API key check
2025-07-01 06:04:39 | WARNING  | app.middleware.api_key:verify_api_key:17 - No API key set in environment, skipping API key check
2025-07-01 06:04:39 | INFO     | app.api.endpoints.process:initiate_process:141 - Process initiated with ID: f9139163-240b-43a1-b168-913daf8debce
2025-07-01 06:04:41 | WARNING  | app.middleware.api_key:verify_api_key:17 - No API key set in environment, skipping API key check
2025-07-01 06:04:41 | INFO     | app.api.endpoints.upload:upload_file:50 - File uploaded successfully: storage\uploads\c072e2ef-0dc3-4ac6-b26e-e59f692e6443.png
2025-07-01 06:04:41 | WARNING  | app.middleware.api_key:verify_api_key:17 - No API key set in environment, skipping API key check
2025-07-01 06:04:41 | INFO     | app.api.endpoints.upload:upload_file:50 - File uploaded successfully: storage\uploads\857beefe-dda0-421b-814d-3f5d15b1759c.jpg
2025-07-01 06:04:41 | WARNING  | app.middleware.api_key:verify_api_key:17 - No API key set in environment, skipping API key check
2025-07-01 06:04:45 | WARNING  | app.middleware.api_key:verify_api_key:17 - No API key set in environment, skipping API key check
2025-07-01 06:04:45 | WARNING  | app.middleware.api_key:verify_api_key:17 - No API key set in environment, skipping API key check
2025-07-01 06:04:45 | INFO     | app.api.endpoints.process:process_book:181 - Processing started: f9139163-240b-43a1-b168-913daf8debce, page: d2dd7cea-f6cd-46ba-851e-f9e68324f2e0
2025-07-01 06:04:45 | INFO     | app.api.endpoints.process:process_image_background:64 - Starting background task for f9139163-240b-43a1-b168-913daf8debce/d2dd7cea-f6cd-46ba-851e-f9e68324f2e0
2025-07-01 06:04:45 | WARNING  | app.middleware.api_key:verify_api_key:17 - No API key set in environment, skipping API key check
2025-07-01 06:04:45 | WARNING  | app.middleware.api_key:verify_api_key:17 - No API key set in environment, skipping API key check
2025-07-01 06:04:49 | WARNING  | app.middleware.api_key:verify_api_key:17 - No API key set in environment, skipping API key check
2025-07-01 06:04:49 | WARNING  | app.middleware.api_key:verify_api_key:17 - No API key set in environment, skipping API key check
2025-07-01 06:04:54 | WARNING  | app.middleware.api_key:verify_api_key:17 - No API key set in environment, skipping API key check
2025-07-01 06:04:54 | WARNING  | app.middleware.api_key:verify_api_key:17 - No API key set in environment, skipping API key check
2025-07-01 06:04:59 | WARNING  | app.middleware.api_key:verify_api_key:17 - No API key set in environment, skipping API key check
2025-07-01 06:04:59 | WARNING  | app.middleware.api_key:verify_api_key:17 - No API key set in environment, skipping API key check
2025-07-01 06:05:04 | WARNING  | app.middleware.api_key:verify_api_key:17 - No API key set in environment, skipping API key check
2025-07-01 06:05:04 | WARNING  | app.middleware.api_key:verify_api_key:17 - No API key set in environment, skipping API key check
2025-07-01 06:05:09 | INFO     | app.api.endpoints.process:process_image_background:122 - Completed background task for f9139163-240b-43a1-b168-913daf8debce/d2dd7cea-f6cd-46ba-851e-f9e68324f2e0
2025-07-01 06:05:09 | WARNING  | app.middleware.api_key:verify_api_key:17 - No API key set in environment, skipping API key check
2025-07-01 06:05:09 | WARNING  | app.middleware.api_key:verify_api_key:17 - No API key set in environment, skipping API key check
2025-07-01 06:05:17 | WARNING  | app.middleware.api_key:verify_api_key:17 - No API key set in environment, skipping API key check
2025-07-01 06:06:19 | WARNING  | app.middleware.api_key:verify_api_key:17 - No API key set in environment, skipping API key check
2025-07-01 06:06:19 | WARNING  | app.middleware.api_key:verify_api_key:17 - No API key set in environment, skipping API key check
2025-07-01 06:06:28 | INFO     | app.api.endpoints.seo:generate_seo_keywords:49 - Generated 45 SEO keywords
2025-07-01 06:07:09 | WARNING  | app.middleware.api_key:verify_api_key:17 - No API key set in environment, skipping API key check
2025-07-01 06:07:09 | WARNING  | app.middleware.api_key:verify_api_key:17 - No API key set in environment, skipping API key check
2025-07-01 06:07:09 | INFO     | app.api.endpoints.process:initiate_process:141 - Process initiated with ID: 9397f92f-87fe-4dc7-a9d7-f81e9981332f
2025-07-01 06:07:22 | WARNING  | app.middleware.api_key:verify_api_key:17 - No API key set in environment, skipping API key check
2025-07-01 06:07:22 | INFO     | app.api.endpoints.upload:upload_file:50 - File uploaded successfully: storage\uploads\60aec984-4218-4d43-8745-4d9ef932edf2.png
2025-07-01 06:07:22 | WARNING  | app.middleware.api_key:verify_api_key:17 - No API key set in environment, skipping API key check
2025-07-01 06:07:22 | INFO     | app.api.endpoints.upload:upload_file:50 - File uploaded successfully: storage\uploads\fb0bb49f-0ea3-4797-bab9-132e5829ea05.jpg
2025-07-01 06:07:22 | WARNING  | app.middleware.api_key:verify_api_key:17 - No API key set in environment, skipping API key check
2025-07-01 06:10:28 | WARNING  | app.middleware.api_key:verify_api_key:17 - No API key set in environment, skipping API key check
2025-07-01 06:10:28 | WARNING  | app.middleware.api_key:verify_api_key:17 - No API key set in environment, skipping API key check
2025-07-01 06:10:28 | INFO     | app.api.endpoints.process:initiate_process:141 - Process initiated with ID: 2228539f-2bd6-4e53-b0f7-f63e19a8153e
2025-07-01 06:10:42 | WARNING  | app.middleware.api_key:verify_api_key:17 - No API key set in environment, skipping API key check
2025-07-01 06:10:42 | INFO     | app.api.endpoints.upload:upload_file:50 - File uploaded successfully: storage\uploads\57069802-5203-4933-b485-fa65b837b335.jpg
2025-07-01 06:10:42 | WARNING  | app.middleware.api_key:verify_api_key:17 - No API key set in environment, skipping API key check
2025-07-01 06:10:42 | INFO     | app.api.endpoints.upload:upload_file:50 - File uploaded successfully: storage\uploads\2291c757-5cee-4ccb-8eb7-38cab156deab.jpg
2025-07-01 06:10:42 | WARNING  | app.middleware.api_key:verify_api_key:17 - No API key set in environment, skipping API key check
2025-07-01 06:10:43 | WARNING  | app.middleware.api_key:verify_api_key:17 - No API key set in environment, skipping API key check
2025-07-01 06:10:44 | WARNING  | app.middleware.api_key:verify_api_key:17 - No API key set in environment, skipping API key check
2025-07-01 06:10:44 | WARNING  | app.middleware.api_key:verify_api_key:17 - No API key set in environment, skipping API key check
2025-07-01 06:10:44 | INFO     | app.api.endpoints.process:process_book:181 - Processing started: 2228539f-2bd6-4e53-b0f7-f63e19a8153e, page: 7e0ba44c-98d4-4c6e-9bbb-417c3538ad75
2025-07-01 06:10:44 | INFO     | app.api.endpoints.process:process_image_background:64 - Starting background task for 2228539f-2bd6-4e53-b0f7-f63e19a8153e/7e0ba44c-98d4-4c6e-9bbb-417c3538ad75
2025-07-01 06:10:44 | WARNING  | app.middleware.api_key:verify_api_key:17 - No API key set in environment, skipping API key check
2025-07-01 06:10:44 | WARNING  | app.middleware.api_key:verify_api_key:17 - No API key set in environment, skipping API key check
2025-07-01 06:10:48 | WARNING  | app.middleware.api_key:verify_api_key:17 - No API key set in environment, skipping API key check
2025-07-01 06:10:48 | WARNING  | app.middleware.api_key:verify_api_key:17 - No API key set in environment, skipping API key check
2025-07-01 06:10:53 | WARNING  | app.middleware.api_key:verify_api_key:17 - No API key set in environment, skipping API key check
2025-07-01 06:10:53 | WARNING  | app.middleware.api_key:verify_api_key:17 - No API key set in environment, skipping API key check
2025-07-01 06:10:58 | WARNING  | app.middleware.api_key:verify_api_key:17 - No API key set in environment, skipping API key check
2025-07-01 06:10:58 | WARNING  | app.middleware.api_key:verify_api_key:17 - No API key set in environment, skipping API key check
2025-07-01 06:11:04 | WARNING  | app.middleware.api_key:verify_api_key:17 - No API key set in environment, skipping API key check
2025-07-01 06:11:04 | WARNING  | app.middleware.api_key:verify_api_key:17 - No API key set in environment, skipping API key check
2025-07-01 06:11:06 | INFO     | app.api.endpoints.process:process_image_background:122 - Completed background task for 2228539f-2bd6-4e53-b0f7-f63e19a8153e/7e0ba44c-98d4-4c6e-9bbb-417c3538ad75
2025-07-01 06:11:09 | WARNING  | app.middleware.api_key:verify_api_key:17 - No API key set in environment, skipping API key check
2025-07-01 06:11:09 | WARNING  | app.middleware.api_key:verify_api_key:17 - No API key set in environment, skipping API key check
2025-07-01 06:11:11 | WARNING  | app.middleware.api_key:verify_api_key:17 - No API key set in environment, skipping API key check
2025-07-01 06:15:28 | WARNING  | app.middleware.api_key:verify_api_key:17 - No API key set in environment, skipping API key check
2025-07-01 06:15:28 | WARNING  | app.middleware.api_key:verify_api_key:17 - No API key set in environment, skipping API key check
2025-07-01 06:15:28 | INFO     | app.api.endpoints.process:initiate_process:141 - Process initiated with ID: 4dc400ea-29b3-455a-847c-0083b73da58d
2025-07-01 06:15:43 | WARNING  | app.middleware.api_key:verify_api_key:17 - No API key set in environment, skipping API key check
2025-07-01 06:15:43 | INFO     | app.api.endpoints.upload:upload_file:50 - File uploaded successfully: storage\uploads\5bb39304-508b-4713-a0f7-f10dd8b13011.jpeg
2025-07-01 06:15:43 | WARNING  | app.middleware.api_key:verify_api_key:17 - No API key set in environment, skipping API key check
2025-07-01 06:15:43 | INFO     | app.api.endpoints.upload:upload_file:50 - File uploaded successfully: storage\uploads\31161be3-ffe9-4cb4-b0ac-02b3eb5a58c9.jpg
2025-07-01 06:15:44 | WARNING  | app.middleware.api_key:verify_api_key:17 - No API key set in environment, skipping API key check
2025-07-01 06:15:44 | WARNING  | app.middleware.api_key:verify_api_key:17 - No API key set in environment, skipping API key check
2025-07-01 06:15:55 | WARNING  | app.middleware.api_key:verify_api_key:17 - No API key set in environment, skipping API key check
2025-07-01 06:15:55 | WARNING  | app.middleware.api_key:verify_api_key:17 - No API key set in environment, skipping API key check
2025-07-01 06:15:55 | INFO     | app.api.endpoints.process:process_book:181 - Processing started: 4dc400ea-29b3-455a-847c-0083b73da58d, page: c5ebf431-86c8-4b9d-b767-a7745dd142b9
2025-07-01 06:15:55 | INFO     | app.api.endpoints.process:process_image_background:64 - Starting background task for 4dc400ea-29b3-455a-847c-0083b73da58d/c5ebf431-86c8-4b9d-b767-a7745dd142b9
2025-07-01 06:15:56 | WARNING  | app.middleware.api_key:verify_api_key:17 - No API key set in environment, skipping API key check
2025-07-01 06:15:56 | WARNING  | app.middleware.api_key:verify_api_key:17 - No API key set in environment, skipping API key check
2025-07-01 06:16:00 | WARNING  | app.middleware.api_key:verify_api_key:17 - No API key set in environment, skipping API key check
2025-07-01 06:16:00 | WARNING  | app.middleware.api_key:verify_api_key:17 - No API key set in environment, skipping API key check
2025-07-01 06:16:05 | WARNING  | app.middleware.api_key:verify_api_key:17 - No API key set in environment, skipping API key check
2025-07-01 06:16:05 | WARNING  | app.middleware.api_key:verify_api_key:17 - No API key set in environment, skipping API key check
2025-07-01 06:16:10 | WARNING  | app.middleware.api_key:verify_api_key:17 - No API key set in environment, skipping API key check
2025-07-01 06:16:10 | WARNING  | app.middleware.api_key:verify_api_key:17 - No API key set in environment, skipping API key check
2025-07-01 06:16:13 | INFO     | app.api.endpoints.process:process_image_background:122 - Completed background task for 4dc400ea-29b3-455a-847c-0083b73da58d/c5ebf431-86c8-4b9d-b767-a7745dd142b9
2025-07-01 06:16:15 | WARNING  | app.middleware.api_key:verify_api_key:17 - No API key set in environment, skipping API key check
2025-07-01 06:16:15 | WARNING  | app.middleware.api_key:verify_api_key:17 - No API key set in environment, skipping API key check
2025-07-01 06:16:21 | WARNING  | app.middleware.api_key:verify_api_key:17 - No API key set in environment, skipping API key check
2025-07-01 06:16:39 | WARNING  | app.middleware.api_key:verify_api_key:17 - No API key set in environment, skipping API key check
2025-07-01 06:16:39 | INFO     | app.api.endpoints.upload:upload_file:50 - File uploaded successfully: storage\uploads\daf1d33f-c2ac-441c-be64-4282decdee76.jpeg
2025-07-01 06:16:39 | WARNING  | app.middleware.api_key:verify_api_key:17 - No API key set in environment, skipping API key check
2025-07-01 06:16:39 | WARNING  | app.middleware.api_key:verify_api_key:17 - No API key set in environment, skipping API key check
2025-07-01 06:16:39 | INFO     | app.api.endpoints.upload:upload_file:50 - File uploaded successfully: storage\uploads\1ec4e96d-a73d-458e-b654-6df900af5ca5.png
2025-07-01 06:16:40 | WARNING  | app.middleware.api_key:verify_api_key:17 - No API key set in environment, skipping API key check
2025-07-01 06:16:44 | WARNING  | app.middleware.api_key:verify_api_key:17 - No API key set in environment, skipping API key check
2025-07-01 06:16:44 | WARNING  | app.middleware.api_key:verify_api_key:17 - No API key set in environment, skipping API key check
2025-07-01 06:16:44 | INFO     | app.api.endpoints.process:process_book:181 - Processing started: 4dc400ea-29b3-455a-847c-0083b73da58d, page: e581b92f-5f36-463e-a360-4654f2156b88
2025-07-01 06:16:44 | INFO     | app.api.endpoints.process:process_image_background:64 - Starting background task for 4dc400ea-29b3-455a-847c-0083b73da58d/e581b92f-5f36-463e-a360-4654f2156b88
2025-07-01 06:16:44 | WARNING  | app.middleware.api_key:verify_api_key:17 - No API key set in environment, skipping API key check
2025-07-01 06:16:44 | WARNING  | app.middleware.api_key:verify_api_key:17 - No API key set in environment, skipping API key check
2025-07-01 06:16:48 | WARNING  | app.middleware.api_key:verify_api_key:17 - No API key set in environment, skipping API key check
2025-07-01 06:16:48 | WARNING  | app.middleware.api_key:verify_api_key:17 - No API key set in environment, skipping API key check
2025-07-01 06:16:53 | WARNING  | app.middleware.api_key:verify_api_key:17 - No API key set in environment, skipping API key check
2025-07-01 06:16:53 | WARNING  | app.middleware.api_key:verify_api_key:17 - No API key set in environment, skipping API key check
2025-07-01 06:16:58 | WARNING  | app.middleware.api_key:verify_api_key:17 - No API key set in environment, skipping API key check
2025-07-01 06:16:58 | WARNING  | app.middleware.api_key:verify_api_key:17 - No API key set in environment, skipping API key check
2025-07-01 06:17:03 | WARNING  | app.middleware.api_key:verify_api_key:17 - No API key set in environment, skipping API key check
2025-07-01 06:17:03 | WARNING  | app.middleware.api_key:verify_api_key:17 - No API key set in environment, skipping API key check
2025-07-01 06:17:04 | INFO     | app.api.endpoints.process:process_image_background:122 - Completed background task for 4dc400ea-29b3-455a-847c-0083b73da58d/e581b92f-5f36-463e-a360-4654f2156b88
2025-07-01 06:17:08 | WARNING  | app.middleware.api_key:verify_api_key:17 - No API key set in environment, skipping API key check
2025-07-01 06:17:08 | WARNING  | app.middleware.api_key:verify_api_key:17 - No API key set in environment, skipping API key check
2025-07-01 06:17:09 | WARNING  | app.middleware.api_key:verify_api_key:17 - No API key set in environment, skipping API key check
2025-07-01 06:18:30 | WARNING  | app.middleware.api_key:verify_api_key:17 - No API key set in environment, skipping API key check
2025-07-01 06:18:30 | WARNING  | app.middleware.api_key:verify_api_key:17 - No API key set in environment, skipping API key check
2025-07-01 06:18:30 | INFO     | app.api.endpoints.process:initiate_process:141 - Process initiated with ID: e33dff09-e033-4d9c-9eca-bb630246abb7
2025-07-01 06:18:43 | WARNING  | app.middleware.api_key:verify_api_key:17 - No API key set in environment, skipping API key check
2025-07-01 06:18:43 | INFO     | app.api.endpoints.upload:upload_file:50 - File uploaded successfully: storage\uploads\9d031e08-ab44-4990-9901-3b0b905bdaaf.png
2025-07-01 06:18:43 | WARNING  | app.middleware.api_key:verify_api_key:17 - No API key set in environment, skipping API key check
2025-07-01 06:18:43 | INFO     | app.api.endpoints.upload:upload_file:50 - File uploaded successfully: storage\uploads\2628adbb-8221-4a13-8493-f9633c57c9e5.jpg
2025-07-01 06:18:43 | WARNING  | app.middleware.api_key:verify_api_key:17 - No API key set in environment, skipping API key check
2025-07-01 06:18:44 | WARNING  | app.middleware.api_key:verify_api_key:17 - No API key set in environment, skipping API key check
2025-07-01 06:18:46 | WARNING  | app.middleware.api_key:verify_api_key:17 - No API key set in environment, skipping API key check
2025-07-01 06:18:46 | WARNING  | app.middleware.api_key:verify_api_key:17 - No API key set in environment, skipping API key check
2025-07-01 06:18:46 | INFO     | app.api.endpoints.process:process_book:181 - Processing started: e33dff09-e033-4d9c-9eca-bb630246abb7, page: 852c6860-5b89-4aa4-b9e8-b7175151924c
2025-07-01 06:18:46 | INFO     | app.api.endpoints.process:process_image_background:64 - Starting background task for e33dff09-e033-4d9c-9eca-bb630246abb7/852c6860-5b89-4aa4-b9e8-b7175151924c
2025-07-01 06:18:46 | WARNING  | app.middleware.api_key:verify_api_key:17 - No API key set in environment, skipping API key check
2025-07-01 06:18:46 | WARNING  | app.middleware.api_key:verify_api_key:17 - No API key set in environment, skipping API key check
2025-07-01 06:18:50 | WARNING  | app.middleware.api_key:verify_api_key:17 - No API key set in environment, skipping API key check
2025-07-01 06:18:50 | WARNING  | app.middleware.api_key:verify_api_key:17 - No API key set in environment, skipping API key check
2025-07-01 06:18:55 | WARNING  | app.middleware.api_key:verify_api_key:17 - No API key set in environment, skipping API key check
2025-07-01 06:18:55 | WARNING  | app.middleware.api_key:verify_api_key:17 - No API key set in environment, skipping API key check
2025-07-01 06:19:00 | WARNING  | app.middleware.api_key:verify_api_key:17 - No API key set in environment, skipping API key check
2025-07-01 06:19:00 | WARNING  | app.middleware.api_key:verify_api_key:17 - No API key set in environment, skipping API key check
2025-07-01 06:19:01 | INFO     | app.api.endpoints.process:process_image_background:122 - Completed background task for e33dff09-e033-4d9c-9eca-bb630246abb7/852c6860-5b89-4aa4-b9e8-b7175151924c
2025-07-01 06:19:05 | WARNING  | app.middleware.api_key:verify_api_key:17 - No API key set in environment, skipping API key check
2025-07-01 06:19:05 | WARNING  | app.middleware.api_key:verify_api_key:17 - No API key set in environment, skipping API key check
2025-07-01 06:19:07 | WARNING  | app.middleware.api_key:verify_api_key:17 - No API key set in environment, skipping API key check
2025-07-01 06:19:56 | WARNING  | app.middleware.api_key:verify_api_key:17 - No API key set in environment, skipping API key check
2025-07-01 06:19:56 | WARNING  | app.middleware.api_key:verify_api_key:17 - No API key set in environment, skipping API key check
2025-07-01 06:19:56 | INFO     | app.api.endpoints.process:initiate_process:141 - Process initiated with ID: cf272b6f-7c4e-406d-b84b-f51c36c8c019
2025-07-01 06:20:18 | WARNING  | app.middleware.api_key:verify_api_key:17 - No API key set in environment, skipping API key check
2025-07-01 06:20:18 | INFO     | app.api.endpoints.upload:upload_file:50 - File uploaded successfully: storage\uploads\0146f5b5-537e-48c2-a036-8f9197336be4.jpeg
2025-07-01 06:20:18 | WARNING  | app.middleware.api_key:verify_api_key:17 - No API key set in environment, skipping API key check
2025-07-01 06:20:18 | INFO     | app.api.endpoints.upload:upload_file:50 - File uploaded successfully: storage\uploads\81628d04-aaba-41c8-8d33-43a338b28559.png
2025-07-01 06:20:18 | WARNING  | app.middleware.api_key:verify_api_key:17 - No API key set in environment, skipping API key check
2025-07-01 06:20:19 | WARNING  | app.middleware.api_key:verify_api_key:17 - No API key set in environment, skipping API key check
2025-07-01 06:20:20 | WARNING  | app.middleware.api_key:verify_api_key:17 - No API key set in environment, skipping API key check
2025-07-01 06:20:20 | WARNING  | app.middleware.api_key:verify_api_key:17 - No API key set in environment, skipping API key check
2025-07-01 06:20:20 | INFO     | app.api.endpoints.process:process_book:181 - Processing started: cf272b6f-7c4e-406d-b84b-f51c36c8c019, page: ecccaecd-d942-42ed-9ef6-3f9c5e2f34fc
2025-07-01 06:20:20 | INFO     | app.api.endpoints.process:process_image_background:64 - Starting background task for cf272b6f-7c4e-406d-b84b-f51c36c8c019/ecccaecd-d942-42ed-9ef6-3f9c5e2f34fc
2025-07-01 06:20:20 | WARNING  | app.middleware.api_key:verify_api_key:17 - No API key set in environment, skipping API key check
2025-07-01 06:20:20 | WARNING  | app.middleware.api_key:verify_api_key:17 - No API key set in environment, skipping API key check
2025-07-01 06:20:24 | WARNING  | app.middleware.api_key:verify_api_key:17 - No API key set in environment, skipping API key check
2025-07-01 06:20:24 | WARNING  | app.middleware.api_key:verify_api_key:17 - No API key set in environment, skipping API key check
2025-07-01 06:20:29 | WARNING  | app.middleware.api_key:verify_api_key:17 - No API key set in environment, skipping API key check
2025-07-01 06:20:29 | WARNING  | app.middleware.api_key:verify_api_key:17 - No API key set in environment, skipping API key check
2025-07-01 06:20:34 | WARNING  | app.middleware.api_key:verify_api_key:17 - No API key set in environment, skipping API key check
2025-07-01 06:20:34 | WARNING  | app.middleware.api_key:verify_api_key:17 - No API key set in environment, skipping API key check
2025-07-01 06:20:37 | INFO     | app.api.endpoints.process:process_image_background:122 - Completed background task for cf272b6f-7c4e-406d-b84b-f51c36c8c019/ecccaecd-d942-42ed-9ef6-3f9c5e2f34fc
2025-07-01 06:20:39 | WARNING  | app.middleware.api_key:verify_api_key:17 - No API key set in environment, skipping API key check
2025-07-01 06:20:39 | WARNING  | app.middleware.api_key:verify_api_key:17 - No API key set in environment, skipping API key check
2025-07-01 06:20:41 | WARNING  | app.middleware.api_key:verify_api_key:17 - No API key set in environment, skipping API key check
2025-07-01 06:25:00 | WARNING  | app.middleware.api_key:verify_api_key:17 - No API key set in environment, skipping API key check
